<?xml version="1.0" encoding="UTF-8"?>
<!-- Generated by org.testng.reporters.JUnitReportReporter -->
<testsuite hostname="USHYDNAYNAREND3" failures="0" tests="1" name="solutions2.Question1" time="90.308" errors="0" timestamp="2021-10-05T12:17:27 IST" skipped="0">
  <testcase classname="solutions2.Question1" name="testCase1" time="90.308"/>
  <system-out/>
</testsuite> <!-- solutions2.Question1 -->
