<?xml version="1.0" encoding="UTF-8"?>
<!-- Generated by org.testng.reporters.JUnitReportReporter -->
<testsuite hostname="USHYDNAYNAREND3" failures="0" tests="1" name="solutions2.Question4" time="71.208" errors="0" timestamp="2021-10-07T17:00:17 IST" skipped="0">
  <testcase classname="solutions2.Question4" name="test" time="71.208"/>
  <system-out/>
</testsuite> <!-- solutions2.Question4 -->
