<?xml version="1.0" encoding="UTF-8"?>
<!-- Generated by org.testng.reporters.JUnitReportReporter -->
<testsuite hostname="USHYDNAYNAREND3" failures="0" tests="5" name="solutions.Question2" time="81.742" errors="0" timestamp="2021-10-04T12:07:02 IST" skipped="0">
  <testcase classname="solutions.Question2" name="f" time="16.620"/>
  <system-out/>
  <testcase classname="solutions.Question2" name="f" time="15.954"/>
  <system-out/>
  <testcase classname="solutions.Question2" name="f" time="17.157"/>
  <system-out/>
  <testcase classname="solutions.Question2" name="f" time="15.910"/>
  <system-out/>
  <testcase classname="solutions.Question2" name="f" time="16.101"/>
  <system-out/>
</testsuite> <!-- solutions.Question2 -->
