<?xml version="1.0" encoding="UTF-8"?>
<!-- Generated by org.testng.reporters.JUnitReportReporter -->
<testsuite hostname="USHYDNAYNAREND3" failures="0" tests="1" name="solutions.Question4" time="16.823" errors="0" timestamp="2021-10-04T12:07:02 IST" skipped="0">
  <testcase classname="solutions.Question4" name="test" time="16.823"/>
  <system-out/>
</testsuite> <!-- solutions.Question4 -->
