<?xml version="1.0" encoding="UTF-8"?>
<!-- Generated by org.testng.reporters.JUnitReportReporter -->
<testsuite hostname="USHYDNAYNAREND3" failures="0" tests="1" name="main.Question1" time="19.376" errors="0" timestamp="2021-09-24T17:25:28 IST" skipped="0">
  <testcase classname="main.Question1" name="test" time="19.376"/>
  <system-out/>
</testsuite> <!-- main.Question1 -->
