<?xml version="1.0" encoding="UTF-8"?>
<!-- Generated by org.testng.reporters.JUnitReportReporter -->
<testsuite hostname="USHYDNAYNAREND3" failures="0" tests="5" name="solutions.DataProviderTest" time="0.014" errors="0" timestamp="2021-09-25T18:42:04 IST" skipped="0">
  <testcase classname="solutions.DataProviderTest" name="testCase1" time="0.002"/>
  <system-out/>
  <testcase classname="solutions.DataProviderTest" name="testCase1" time="0.002"/>
  <system-out/>
  <testcase classname="solutions.DataProviderTest" name="testCase1" time="0.001"/>
  <system-out/>
  <testcase classname="solutions.DataProviderTest" name="testCase1" time="0.007"/>
  <system-out/>
  <testcase classname="solutions.DataProviderTest" name="testCase1" time="0.002"/>
  <system-out/>
</testsuite> <!-- solutions.DataProviderTest -->
